13 19
19 19
1 13
15 16
1 3
13 19
13 17
13 17
13 19
17 19
19 19
1 3
15 19
1 17
16 19
15 19
1 19
1 15
16 17
13 16
1 5
1 17
1 8
5 8
15 17
5 18
8 18
3 17
17 18
5 5
5 17
3 17
1 17
1 15
17 18
17 18
3 8
3 8
3 8
5 18
10 11
4 16
4 9
1 4
16 16
16 18
9 18
4 16
4 18
9 16
10 11
4 16
16 18
11 18
4 4
1 9
1 10
9 16
4 18
1 11
15 20
1 15
15 20
17 20
15 17
10 20
1 20
7 20
10 20
20 20
1 1
15 20
1 6
10 15
1 7
6 6
6 17
10 15
6 7
7 17
1 4
10 20
1 10
10 17
4 10
4 20
16 17
1 16
4 16
10 17
1 20
17 20
16 16
10 20
16 20
1 17
4 10
1 16
4 16
16 16
1 14
1 20
9 20
14 20
12 18
9 19
1 14
18 19
9 18
9 14
1 18
12 14
12 19
9 18
12 14
12 20
14 19
1 12
12 19
9 9
1 3
10 16
1 10
10 16
1 1
1 10
1 12
1 14
7 14
1 14
1 7
10 16
1 16
1 14
7 7
1 16
3 7
12 16
7 16
10 16
13 18
5 13
18 20
1 7
13 18
1 13
13 20
1 7
1 5
1 20
13 20
1 5
5 18
1 4
4 20
1 18
4 7
1 13
1 18
18 20
1 17
16 17
8 16
8 19
16 19
1 16
1 8
8 19
13 16
9 13
1 17
17 19
9 17
8 16
9 17
13 16
9 17
8 16
1 9
9 17
15 15
1 7
1 15
12 14
14 20
14 20
7 12
2 12
12 20
1 15
14 20
2 7
2 20
20 20
1 14
1 20
1 15
1 1
12 14
2 2
4 20
2 20
1 1
1 10
10 20
1 12
1 13
4 20
4 13
13 20
10 20
10 20
1 4
20 20
4 12
2 20
12 20
1 1
13 20
12 13
3 18
7 18
11 15
11 18
6 11
1 15
6 11
1 3
1 6
1 6
3 18
3 6
3 7
3 18
7 18
7 15
3 6
3 15
6 18
1 15
7 15
1 15
13 14
1 1
9 19
19 19
1 14
1 9
9 19
13 14
1 14
13 19
7 15
7 14
15 19
7 19
7 15
14 19
1 13
9 19
7 10
6 10
6 19
1 10
1 19
1 13
6 19
1 19
13 19
6 7
6 17
1 17
1 19
7 17
6 7
1 13
6 17
13 19
1 6
1 10
14 18
6 12
7 15
12 14
6 15
7 18
14 15
7 15
1 14
1 15
7 15
1 7
14 15
1 6
6 15
1 12
6 15
7 18
12 15
7 7
7 16
7 16
7 14
1 10
14 19
16 16
9 10
9 9
10 19
7 16
16 16
14 16
7 16
7 14
1 7
1 10
9 16
7 16
1 19
1 19
10 20
1 20
1 20
1 3
16 20
1 20
9 20
3 16
3 10
16 16
1 3
1 11
1 20
1 11
3 16
16 20
9 11
1 9
9 20
1 16
7 19
7 19
11 19
7 14
7 15
1 11
7 14
1 15
7 11
7 19
1 14
19 19
14 14
5 19
11 19
1 15
5 19
7 11
15 19
5 19
18 19
1 17
5 10
18 19
1 17
1 17
17 17
1 17
5 19
6 19
1 17
5 10
6 19
1 10
17 18
17 19
1 19
5 18
1 10
17 19
1 3
1 9
3 5
3 10
3 5
4 18
4 10
3 10
3 9
1 1
5 10
4 5
5 18
4 5
18 18
10 10
1 3
1 4
1 5
1 18
3 18
3 12
3 12
3 18
3 15
12 18
1 1
9 18
1 6
3 15
1 15
1 6
6 18
3 15
12 18
18 18
1 1
1 15
12 18
3 12
13 20
1 20
1 18
15 20
16 20
1 16
13 20
1 18
1 18
16 20
3 3
16 20
16 18
16 16
15 20
16 16
13 20
13 20
16 18
15 15
1 14
10 14
8 13
13 14
3 10
8 14
3 10
10 14
3 13
3 3
1 11
1 10
3 14
1 13
3 3
8 11
1 3
10 14
1 13
1 11
9 12
7 18
11 18
1 18
1 7
1 18
1 11
1 11
7 11
5 11
7 18
5 9
7 11
18 18
5 18
1 7
1 5
1 5
5 9
7 11
19 19
1 5
1 19
4 17
5 5
4 17
4 17
4 19
5 7
16 19
1 17
4 19
1 4
16 19
4 17
16 19
16 16
4 17
1 16
5 19
2 5
2 5
5 5
1 5
1 10
5 16
10 16
10 16
11 16
1 10
5 14
14 16
2 14
5 14
2 11
2 16
10 10
1 11
5 16
1 10
7 16
10 16
1 10
4 17
1 16
7 16
1 16
1 16
4 16
4 16
17 17
1 10
1 16
13 17
10 16
7 17
1 13
1 13
1 13
13 17
14 15
4 17
1 6
1 17
17 17
1 9
6 17
1 4
9 15
14 14
1 14
1 4
15 17
4 17
1 14
4 15
15 17
4 17
4 15
1 1
1 12
4 20
18 18
7 18
1 20
18 20
12 20
7 18
17 20
20 20
4 20
17 20
4 18
7 7
4 20
18 20
1 18
1 17
1 20
4 12
2 6
2 17
1 17
1 15
2 17
6 17
2 15
6 15
2 17
6 15
6 15
13 15
13 13
2 17
8 17
1 6
1 8
2 13
13 17
1 13
2 16
1 7
1 16
7 12
2 16
1 7
15 15
1 6
7 12
7 12
1 15
2 16
2 16
1 12
2 16
6 16
1 2
2 12
12 16
2 12
2 3
2 3
1 5
3 9
1 7
7 9
1 9
9 9
1 7
1 7
7 9
1 1
1 9
1 9
7 9
2 12
1 7
2 12
2 5
7 9
1 1
1 19
16 18
1 14
16 18
1 16
2 2
2 19
18 19
6 16
6 16
18 19
16 19
1 19
2 6
14 19
6 18
2 19
14 16
2 6
16 18
1 20
6 16
5 20
6 6
20 20
9 20
16 20
1 9
16 18
1 20
6 20
16 18
16 16
5 6
5 18
1 9
5 20
6 18
5 6
1 17
6 18
15 17
5 18
1 18
1 6
1 17
1 15
18 18
5 18
1 9
1 1
5 9
6 9
9 18
5 15
15 15
17 18
5 6
1 17
16 18
1 9
16 18
1 16
8 16
8 16
1 15
1 18
1 16
15 16
8 17
1 9
8 16
1 15
16 18
1 18
16 18
15 17
8 17
17 18
17 18
11 18
13 18
13 17
11 16
13 13
16 17
11 18
1 17
11 16
11 16
1 17
11 16
1 1
1 18
11 16
13 18
11 16
11 16
11 18
11 13
1 13
15 15
7 16
11 16
7 13
11 15
11 18
13 15
18 18
7 16
7 18
1 1
13 18
1 16
16 16
1 13
1 13
15 15
11 16
13 15
9 18
1 15
2 9
4 4
13 13
4 18
1 4
4 4
2 15
15 15
4 18
18 18
15 18
1 4
1 1
2 4
1 2
4 4
1 13
6 11
8 18
7 18
1 17
7 18
1 6
1 7
6 18
6 7
11 18
6 7
8 8
6 8
1 1
6 8
1 1
1 11
1 7
6 17
6 11
4 8
1 19
8 20
4 19
1 1
1 8
4 20
1 20
1 4
1 6
2 4
2 4
2 20
19 20
2 8
1 8
2 6
4 19
1 8
8 8
2 12
2 14
1 20
12 17
14 14
14 14
1 2
2 2
19 19
2 17
1 2
1 19
2 17
1 1
17 20
17 19
17 20
12 20
2 14
1 12
5 16
1 7
10 18
5 18
1 4
10 16
5 10
4 5
5 10
7 18
1 1
1 16
5 10
18 18
4 16
1 16
4 18
7 18
18 18
10 16
9 19
4 19
2 6
6 19
1 2
9 18
2 6
6 9
4 18
1 19
2 6
1 18
19 19
1 19
1 9
6 18
1 2
1 19
18 19
18 19
1 18
10 18
10 11
8 18
8 18
1 1
10 18
15 15
1 7
10 18
7 15
7 8
1 15
1 1
7 10
7 15
7 8
7 15
10 11
15 18
4 7
7 19
4 12
20 20
1 12
1 7
1 19
19 20
1 19
7 12
1 19
1 7
1 7
4 19
7 20
1 7
1 19
1 8
1 4
7 7
2 18
2 18
1 15
2 2
1 15
1 2
5 10
1 18
2 20
1 5
5 20
1 5
1 2
2 18
2 18
1 20
2 10
10 18
1 5
2 2
1 8
1 16
1 8
7 19
19 19
2 8
1 19
6 6
6 7
6 16
1 19
6 7
1 7
1 16
1 19
6 7
7 16
6 8
6 19
6 8
15 17
1 1
8 17
8 13
1 8
1 17
1 15
1 15
1 8
1 17
8 13
8 13
13 17
7 8
1 15
13 17
3 8
8 15
8 17
1 17
9 14
14 14
9 14
9 14
4 15
5 15
1 14
4 15
4 14
1 5
4 10
1 10
15 15
4 9
9 15
1 14
4 15
4 10
1 14
4 5
1 5
2 16
1 18
1 18
16 18
14 18
2 2
14 18
5 5
12 18
1 16
12 16
12 14
12 14
5 16
2 12
1 18
1 12
2 18
14 18
7 20
1 5
5 20
6 7
1 19
1 10
19 19
5 20
1 6
5 7
1 20
10 20
6 20
5 10
5 10
1 10
1 10
6 20
6 7
5 20
1 7
4 10
1 4
7 20
7 20
5 20
2 7
1 1
5 5
10 20
1 1
1 7
4 20
2 10
1 20
5 20
1 2
2 7
7 20
1 7
9 17
10 17
9 14
14 17
14 19
10 14
2 10
19 19
17 19
2 17
14 17
1 1
9 19
2 17
1 1
14 17
2 17
1 19
10 14
1 2
5 7
15 17
7 17
1 17
1 1
15 17
5 9
1 15
5 12
1 1
7 12
1 17
7 12
9 12
12 17
7 17
5 12
15 17
1 9
1 7
13 18
13 18
14 19
13 18
1 5
19 19
14 19
13 18
17 19
1 19
13 17
5 18
13 19
18 19
5 5
5 5
1 17
13 18
1 17
1 19
1 1
1 1
1 5
3 14
8 20
1 3
2 20
3 20
14 20
2 5
1 2
8 20
1 1
1 3
2 3
1 2
2 20
1 5
1 20
3 8
1 20
4 16
4 20
6 20
15 20
1 15
4 11
1 4
4 20
1 4
4 6
15 15
6 16
1 11
16 20
1 20
6 20
1 20
11 20
1 15
10 19
10 19
1 13
13 19
10 19
1 16
6 16
1 13
1 19
10 19
19 19
10 16
16 19
6 9
1 16
6 19
9 19
10 19
6 10
1 16
1 7
15 17
15 17
1 15
1 11
1 15
1 17
11 17
11 18
1 11
6 18
7 7
7 15
1 11
15 17
1 18
1 1
11 17
7 15
6 11
1 11
11 16
2 2
12 16
9 11
1 12
11 11
11 16
9 14
9 12
16 16
9 14
2 9
2 14
9 12
2 2
1 12
1 2
16 16
9 11
1 3
13 13
8 17
13 17
17 17
2 8
2 13
3 13
2 8
3 13
2 13
1 8
1 12
1 8
1 12
8 17
3 13
1 13
2 17
1 13
6 18
5 5
3 18
10 18
3 6
10 15
3 15
15 18
1 15
1 5
5 15
5 10
3 6
1 6
15 18
5 10
1 1
1 15
1 10
1 6
2 17
1 8
1 8
1 9
10 10
8 9
1 17
1 10
4 9
1 9
4 10
10 10
1 17
1 4
2 17
1 9
2 17
2 2
4 4
2 10
12 19
1 16
12 19
10 12
10 19
1 5
12 19
1 19
1 12
1 19
10 15
5 19
5 19
12 15
12 19
12 15
10 19
1 5
1 19
1 10
1 14
5 20
14 20
5 17
1 14
5 20
5 17
5 17
11 17
4 20
5 20
1 17
14 20
5 20
11 17
11 20
11 20
5 17
5 17
1 11
1 8
8 9
8 9
1 7
2 9
1 8
1 3
2 9
2 9
2 9
1 8
3 9
6 7
7 9
6 8
6 7
6 7
1 7
2 9
9 9
4 18
1 13
12 15
12 15
1 18
13 18
1 18
18 18
6 18
1 6
1 12
6 18
4 13
12 18
1 15
1 15
1 12
12 15
1 4
1 18
11 16
1 17
3 17
3 17
1 13
3 17
1 16
3 13
4 17
1 13
3 13
1 13
1 11
1 4
1 13
3 3
3 16
1 1
1 11
1 1
7 19
1 1
7 10
1 20
1 10
1 10
1 10
1 7
1 11
20 20
2 20
10 20
1 20
7 19
10 20
2 20
19 20
7 11
1 11
1 20
8 16
9 17
8 15
9 17
11 17
1 11
1 17
8 15
1 9
1 16
17 17
15 17
1 15
1 17
1 16
9 11
1 1
16 17
8 17
11 17
4 14
4 14
8 13
1 14
13 14
8 14
1 14
8 14
1 4
4 8
5 14
4 8
4 13
4 13
1 5
8 13
4 8
1 9
8 14
1 8
2 15
1 11
2 18
2 6
1 11
4 18
2 6
1 2
2 6
1 2
2 15
1 6
15 15
2 18
15 18
1 15
4 11
11 15
2 15
2 6
1 16
3 3
7 16
3 7
3 18
7 18
1 1
3 18
10 18
16 18
10 18
1 10
1 14
14 18
14 18
1 1
16 18
1 16
14 16
10 16
11 14
11 18
1 12
1 18
6 18
13 14
12 18
1 6
14 14
1 14
1 11
6 11
11 11
1 13
6 18
11 14
1 14
14 18
12 14
6 12
4 16
7 16
5 16
16 16
2 5
4 12
1 5
2 2
4 7
12 12
2 7
7 16
7 12
1 16
1 1
1 7
2 7
5 7
2 16
1 16
5 18
4 5
5 18
4 13
1 5
4 18
4 9
13 18
4 5
5 10
1 13
1 13
1 5
1 5
5 10
1 13
1 4
1 10
1 13
5 10
6 6
8 18
6 15
6 8
6 9
1 16
6 18
15 16
16 18
6 18
6 18
6 18
6 8
9 16
1 8
9 18
9 16
1 16
8 18
6 18
7 7
1 3
5 18
3 18
1 3
1 12
12 18
1 7
1 7
1 15
1 12
12 18
15 18
1 3
12 15
5 15
1 18
7 15
3 12
1 15
1 3
2 5
2 8
1 14
14 19
1 5
3 14
3 19
1 5
1 5
5 14
19 19
2 5
2 14
2 5
2 8
3 5
1 5
8 19
1 14
11 12
4 12
11 20
4 11
5 17
4 11
4 20
1 1
1 4
1 12
4 4
1 5
1 12
1 20
5 12
11 12
11 20
4 20
4 11
4 20
1 13
10 18
1 4
1 13
4 18
13 18
13 18
4 14
13 14
1 15
1 15
1 18
1 1
10 18
1 4
10 14
10 14
15 18
10 18
4 14
6 8
1 2
6 6
2 2
2 8
2 8
14 19
1 19
1 8
6 19
1 7
1 8
6 8
1 19
8 19
2 14
2 19
2 8
2 8
2 14
6 7
6 19
1 10
1 19
6 10
7 19
1 19
10 18
4 10
4 18
1 6
1 6
10 18
1 19
10 18
10 18
6 19
4 10
18 18
6 7
1 5
15 19
1 12
1 11
1 1
5 19
12 19
5 19
1 15
1 19
5 6
11 11
11 15
1 15
1 6
12 15
1 19
19 19
5 6
12 15
1 14
8 17
7 7
1 17
8 11
11 17
14 17
1 17
1 14
8 17
1 11
1 1
1 9
1 8
11 17
8 9
8 9
1 9
1 17
1 17
6 14
6 7
1 7
2 14
1 1
1 14
6 7
3 7
3 14
1 7
2 7
3 7
7 14
6 14
1 14
1 7
2 7
6 6
1 3
1 1
14 16
1 18
16 18
1 16
1 18
2 3
2 16
2 14
5 18
14 18
1 16
1 18
1 14
14 14
1 18
16 18
1 18
1 16
1 18
14 16
5 20
16 16
4 16
9 10
5 10
5 20
10 20
10 20
10 16
4 16
4 10
1 9
4 20
10 20
9 9
1 20
4 5
1 20
1 20
1 20
1 10
1 19
1 8
18 18
10 18
3 18
1 8
1 8
8 18
16 19
1 8
1 8
10 18
1 8
1 16
1 10
8 18
1 10
8 18
1 10
16 19
11 18
14 14
2 2
1 14
11 14
1 19
2 16
2 11
1 19
11 19
1 19
1 11
11 11
18 19
2 11
11 16
1 14
1 11
1 18
10 18
1 20
5 5
18 20
10 20
1 18
1 14
1 5
5 7
5 20
10 10
10 14
18 18
5 18
7 20
18 20
1 14
1 18
1 5
5 7
1 15
17 18
1 1
1 1
15 18
1 18
11 15
15 17
11 18
11 18
1 17
11 17
15 18
6 17
6 18
1 11
11 18
1 15
1 15
1 11
1 17
1 10
1 10
5 10
1 18
8 18
6 18
1 10
10 10
1 6
10 10
1 17
5 17
1 8
1 6
6 8
8 18
1 17
5 17
5 5
4 11
1 11
4 11
1 4
5 11
1 6
6 19
4 19
4 10
10 11
1 6
5 11
1 10
11 19
1 4
1 1
4 11
11 19
1 4
1 10
17 18
6 18
1 5
5 5
2 18
1 17
5 10
1 17
1 10
5 18
1 10
1 17
6 18
1 6
5 18
5 18
17 17
2 18
5 17
2 10
8 20
13 17
1 20
1 1
8 11
17 20
8 16
1 1
17 20
8 11
13 17
1 11
8 16
11 16
1 11
11 16
1 20
1 16
11 20
1 8
6 16
1 1
1 12
2 14
1 14
2 12
7 14
2 7
16 16
1 16
1 16
2 7
2 14
7 12
14 16
1 7
1 2
7 12
1 1
16 16
4 7
6 15
9 9
1 5
6 9
1 9
6 9
15 15
4 9
6 15
4 5
1 9
4 7
9 15
1 5
1 15
1 5
1 7
5 7
4 7
1 5
1 5
1 8
13 14
1 10
1 14
5 14
8 14
1 8
2 14
13 13
2 10
1 1
8 14
8 13
2 2
5 13
14 14
8 13
13 14
