1 19
1 2
2 19
1 2
1 8
1 3
1 8
1 3
1 10
10 13
1 13
1 13
12 12
1 12
1 12
1 15
7 10
7 10
7 7
1 1
1 8
9 9
9 9
1 9
1 19
15 15
15 19
1 15
9 13
1 9
1 1
1 9
11 18
1 18
1 11
1 11
1 17
17 17
1 17
1 17
10 10
1 10
1 1
1 1
1 1
16 16
1 17
1 17
3 3
3 17
1 3
1 3
12 12
1 1
12 12
1 12
1 5
5 5
1 18
1 5
5 10
1 5
10 10
1 5
1 7
1 7
1 7
3 7
1 19
14 14
19 19
1 19
6 6
1 1
6 6
12 12
1 1
1 7
1 10
10 10
1 18
20 20
1 1
1 1
2 15
1 2
2 15
1 15
8 10
10 10
8 10
1 10
12 17
1 12
12 17
1 1
1 3
1 3
1 1
3 8
2 8
8 8
1 2
2 2
1 19
1 2
1 19
1 1
6 18
6 6
6 18
1 18
1 1
1 7
7 7
18 18
5 15
5 15
5 15
5 5
13 20
1 20
1 13
1 1
1 1
16 16
17 17
1 17
1 15
15 15
10 10
10 15
1 2
1 6
1 1
2 2
5 5
5 5
1 6
1 5
14 14
1 14
20 20
1 14
1 1
1 2
15 15
2 15
1 4
4 16
4 16
1 16
1 18
1 20
1 18
1 20
12 16
16 16
1 16
12 16
1 9
1 9
8 8
8 9
1 1
1 1
3 9
1 9
1 1
1 20
1 20
20 20
7 7
1 1
7 7
7 17
1 3
1 1
3 11
1 3
2 18
18 18
1 1
1 2
6 10
1 6
6 6
10 10
1 7
1 4
1 4
4 7
1 8
1 8
8 19
1 8
1 15
1 15
1 15
1 15
11 16
1 11
1 16
1 1
8 14
14 14
1 14
8 8
10 10
9 10
1 9
9 10
8 8
1 8
13 13
1 8
2 2
2 2
2 2
1 2
11 19
1 1
11 19
1 19
1 6
20 20
1 1
1 6
1 16
1 15
15 16
15 16
1 13
13 13
1 1
1 2
1 15
1 11
1 15
11 11
9 9
1 9
4 9
4 9
1 4
4 10
1 10
4 4
3 16
3 16
1 3
1 1
1 7
1 7
1 1
1 16
9 19
1 19
19 19
9 19
1 1
1 14
14 14
7 14
1 1
1 1
1 3
20 20
1 11
11 16
11 11
11 16
1 12
1 12
1 7
7 12
1 17
1 1
1 13
13 17
1 20
20 20
1 2
1 2
1 17
1 17
1 17
1 1
12 12
12 17
1 12
12 12
1 16
16 16
1 1
6 6
8 14
14 14
14 14
14 14
1 16
16 16
1 17
16 17
5 5
1 2
1 1
2 5
1 7
1 7
1 7
7 7
1 13
11 13
1 13
1 13
6 9
1 6
1 1
6 9
7 8
7 8
1 1
1 8
12 12
1 12
1 6
12 12
1 1
17 17
3 17
1 3
3 3
1 3
3 3
1 3
1 1
1 8
8 8
1 1
1 13
13 17
13 17
13 13
1 4
1 4
1 4
1 1
15 18
18 18
1 15
1 15
18 18
1 18
1 15
18 18
1 10
1 8
1 8
1 8
6 6
6 17
17 17
6 17
1 1
1 3
3 3
3 6
1 1
1 7
7 11
1 1
8 8
8 8
1 11
1 11
1 5
1 1
1 5
2 5
1 13
13 13
13 13
1 1
1 4
3 4
1 4
3 4
1 5
1 7
5 5
1 7
4 10
1 4
10 10
1 1
1 5
1 4
1 5
4 5
